module.js:333
    throw err;
          ^
Error: Cannot find module './build/Release/bigint'
    at Function.Module._resolveFilename (module.js:331:15)
    at Function.Module._load (module.js:273:25)
    at Module.require (module.js:357:17)
    at new require (module.js:373:17)
    at Object.<anonymous> (/Users/jakub/Developer/Blame/externals/bigint/index.js:6:14)
    at Module._compile (module.js:449:26)
    at Object.Module._extensions..js (module.js:467:10)
    at Module.load (module.js:349:32)
    at Function.Module._load (module.js:305:12)
    at Module.require (module.js:357:17)

module.js:333
    throw err;
          ^
Error: Cannot find module './build/Release/bigint'
    at Function.Module._resolveFilename (module.js:331:15)
    at Function.Module._load (module.js:273:25)
    at Module.require (module.js:357:17)
    at new require (module.js:373:17)
    at Object.<anonymous> (/Users/jakub/Developer/Blame/externals/bigint/index.js:6:14)
    at Module._compile (module.js:449:26)
    at Object.Module._extensions..js (module.js:467:10)
    at Module.load (module.js:349:32)
    at Function.Module._load (module.js:305:12)
    at Module.require (module.js:357:17)

module.js:333
    throw err;
          ^
Error: Cannot find module './build/Release/bigint'
    at Function.Module._resolveFilename (module.js:331:15)
    at Function.Module._load (module.js:273:25)
    at Module.require (module.js:357:17)
    at new require (module.js:373:17)
    at Object.<anonymous> (/Users/jakub/Developer/Blame/externals/bigint/index.js:6:14)
    at Module._compile (module.js:449:26)
    at Object.Module._extensions..js (module.js:467:10)
    at Module.load (module.js:349:32)
    at Function.Module._load (module.js:305:12)
    at Module.require (module.js:357:17)

module.js:333
    throw err;
          ^
Error: Cannot find module './build/Release/bigint'
    at Function.Module._resolveFilename (module.js:331:15)
    at Function.Module._load (module.js:273:25)
    at Module.require (module.js:357:17)
    at new require (module.js:373:17)
    at Object.<anonymous> (/Users/jakub/Developer/Blame/externals/bigint/index.js:6:14)
    at Module._compile (module.js:449:26)
    at Object.Module._extensions..js (module.js:467:10)
    at Module.load (module.js:349:32)
    at Function.Module._load (module.js:305:12)
    at Module.require (module.js:357:17)

module.js:333
    throw err;
          ^
Error: Cannot find module './build/Release/bigint'
    at Function.Module._resolveFilename (module.js:331:15)
    at Function.Module._load (module.js:273:25)
    at Module.require (module.js:357:17)
    at new require (module.js:373:17)
    at Object.<anonymous> (/Users/jakub/Developer/Blame/externals/bigint/index.js:6:14)
    at Module._compile (module.js:449:26)
    at Object.Module._extensions..js (module.js:467:10)
    at Module.load (module.js:349:32)
    at Function.Module._load (module.js:305:12)
    at Module.require (module.js:357:17)

module.js:333
    throw err;
          ^
Error: Cannot find module './build/Release/bigint'
    at Function.Module._resolveFilename (module.js:331:15)
    at Function.Module._load (module.js:273:25)
    at Module.require (module.js:357:17)
    at new require (module.js:373:17)
    at Object.<anonymous> (/Users/jakub/Developer/Blame/externals/bigint/index.js:6:14)
    at Module._compile (module.js:449:26)
    at Object.Module._extensions..js (module.js:467:10)
    at Module.load (module.js:349:32)
    at Function.Module._load (module.js:305:12)
    at Module.require (module.js:357:17)

module.js:333
    throw err;
          ^
Error: Cannot find module './build/Release/bigint'
    at Function.Module._resolveFilename (module.js:331:15)
    at Function.Module._load (module.js:273:25)
    at Module.require (module.js:357:17)
    at new require (module.js:373:17)
    at Object.<anonymous> (/Users/jakub/Developer/Blame/externals/bigint/index.js:6:14)
    at Module._compile (module.js:449:26)
    at Object.Module._extensions..js (module.js:467:10)
    at Module.load (module.js:349:32)
    at Function.Module._load (module.js:305:12)
    at Module.require (module.js:357:17)

module.js:333
    throw err;
          ^
Error: Cannot find module './build/Release/bigint'
    at Function.Module._resolveFilename (module.js:331:15)
    at Function.Module._load (module.js:273:25)
    at Module.require (module.js:357:17)
    at new require (module.js:373:17)
    at Object.<anonymous> (/Users/jakub/Developer/Blame/externals/bigint/index.js:6:14)
    at Module._compile (module.js:449:26)
    at Object.Module._extensions..js (module.js:467:10)
    at Module.load (module.js:349:32)
    at Function.Module._load (module.js:305:12)
    at Module.require (module.js:357:17)

module.js:333
    throw err;
          ^
Error: Cannot find module './build/Release/bigint'
    at Function.Module._resolveFilename (module.js:331:15)
    at Function.Module._load (module.js:273:25)
    at Module.require (module.js:357:17)
    at new require (module.js:373:17)
    at Object.<anonymous> (/Users/jakub/Developer/Blame/externals/bigint/index.js:6:14)
    at Module._compile (module.js:449:26)
    at Object.Module._extensions..js (module.js:467:10)
    at Module.load (module.js:349:32)
    at Function.Module._load (module.js:305:12)
    at Module.require (module.js:357:17)

module.js:333
    throw err;
          ^
Error: Cannot find module './build/Release/bigint'
    at Function.Module._resolveFilename (module.js:331:15)
    at Function.Module._load (module.js:273:25)
    at Module.require (module.js:357:17)
    at new require (module.js:373:17)
    at Object.<anonymous> (/Users/jakub/Developer/Blame/externals/bigint/index.js:6:14)
    at Module._compile (module.js:449:26)
    at Object.Module._extensions..js (module.js:467:10)
    at Module.load (module.js:349:32)
    at Function.Module._load (module.js:305:12)
    at Module.require (module.js:357:17)

module.js:333
    throw err;
          ^
Error: Cannot find module './build/Release/bigint'
    at Function.Module._resolveFilename (module.js:331:15)
    at Function.Module._load (module.js:273:25)
    at Module.require (module.js:357:17)
    at new require (module.js:373:17)
    at Object.<anonymous> (/Users/jakub/Developer/Blame/externals/bigint/index.js:6:14)
    at Module._compile (module.js:449:26)
    at Object.Module._extensions..js (module.js:467:10)
    at Module.load (module.js:349:32)
    at Function.Module._load (module.js:305:12)
    at Module.require (module.js:357:17)

module.js:333
    throw err;
          ^
Error: Cannot find module './build/Release/bigint'
    at Function.Module._resolveFilename (module.js:331:15)
    at Function.Module._load (module.js:273:25)
    at Module.require (module.js:357:17)
    at new require (module.js:373:17)
    at Object.<anonymous> (/Users/jakub/Developer/Blame/externals/bigint/index.js:6:14)
    at Module._compile (module.js:449:26)
    at Object.Module._extensions..js (module.js:467:10)
    at Module.load (module.js:349:32)
    at Function.Module._load (module.js:305:12)
    at Module.require (module.js:357:17)

module.js:333
    throw err;
          ^
Error: Cannot find module './build/Release/bigint'
    at Function.Module._resolveFilename (module.js:331:15)
    at Function.Module._load (module.js:273:25)
    at Module.require (module.js:357:17)
    at new require (module.js:373:17)
    at Object.<anonymous> (/Users/jakub/Developer/Blame/externals/bigint/index.js:6:14)
    at Module._compile (module.js:449:26)
    at Object.Module._extensions..js (module.js:467:10)
    at Module.load (module.js:349:32)
    at Function.Module._load (module.js:305:12)
    at Module.require (module.js:357:17)

npm ERR! Test failed.  See above for more details.
npm ERR! not ok code 0
