sh: jasmine-node: command not found
npm ERR! Test failed.  See above for more details.
npm ERR! not ok code 0
