make: *** No rule to make target `test'.  Stop.
npm ERR! Test failed.  See above for more details.
npm ERR! not ok code 0
