
/Users/jakub/Developer/Blame/externals/levelup/lib/util.js:55
    throw new LevelUPError(missingLevelDOWNError)
          ^
LevelUPError: Could not locate LevelDOWN, try `npm install leveldown`
    at getLevelDOWN (/Users/jakub/Developer/Blame/externals/levelup/lib/util.js:55:11)
    at LevelUP.open (/Users/jakub/Developer/Blame/externals/levelup/lib/levelup.js:113:37)
    at new LevelUP (/Users/jakub/Developer/Blame/externals/levelup/lib/levelup.js:86:8)
    at LevelUP (/Users/jakub/Developer/Blame/externals/levelup/lib/levelup.js:46:12)
    at Object.<anonymous> (/Users/jakub/Developer/Blame/externals/levelup/test/common.js:74:5)
    at CB (/Users/jakub/Developer/Blame/externals/levelup/node_modules/rimraf/rimraf.js:68:5)
    at /Users/jakub/Developer/Blame/externals/levelup/node_modules/rimraf/rimraf.js:91:16
    at Object.oncomplete (fs.js:97:15)

/Users/jakub/Developer/Blame/externals/levelup/lib/util.js:55
    throw new LevelUPError(missingLevelDOWNError)
          ^
LevelUPError: Could not locate LevelDOWN, try `npm install leveldown`
    at getLevelDOWN (/Users/jakub/Developer/Blame/externals/levelup/lib/util.js:55:11)
    at LevelUP.open (/Users/jakub/Developer/Blame/externals/levelup/lib/levelup.js:113:37)
    at new LevelUP (/Users/jakub/Developer/Blame/externals/levelup/lib/levelup.js:86:8)
    at LevelUP (/Users/jakub/Developer/Blame/externals/levelup/lib/levelup.js:46:12)
    at Object.<anonymous> (/Users/jakub/Developer/Blame/externals/levelup/test/common.js:74:5)
    at CB (/Users/jakub/Developer/Blame/externals/levelup/node_modules/rimraf/rimraf.js:68:5)
    at /Users/jakub/Developer/Blame/externals/levelup/node_modules/rimraf/rimraf.js:91:16
    at Object.oncomplete (fs.js:97:15)

/Users/jakub/Developer/Blame/externals/levelup/lib/util.js:55
    throw new LevelUPError(missingLevelDOWNError)
          ^
LevelUPError: Could not locate LevelDOWN, try `npm install leveldown`
    at getLevelDOWN (/Users/jakub/Developer/Blame/externals/levelup/lib/util.js:55:11)
    at LevelUP.open (/Users/jakub/Developer/Blame/externals/levelup/lib/levelup.js:113:37)
    at new LevelUP (/Users/jakub/Developer/Blame/externals/levelup/lib/levelup.js:86:8)
    at LevelUP (/Users/jakub/Developer/Blame/externals/levelup/lib/levelup.js:46:12)
    at Object.<anonymous> (/Users/jakub/Developer/Blame/externals/levelup/test/common.js:74:5)
    at CB (/Users/jakub/Developer/Blame/externals/levelup/node_modules/rimraf/rimraf.js:68:5)
    at /Users/jakub/Developer/Blame/externals/levelup/node_modules/rimraf/rimraf.js:91:16
    at Object.oncomplete (fs.js:97:15)

/Users/jakub/Developer/Blame/externals/levelup/lib/util.js:55
    throw new LevelUPError(missingLevelDOWNError)
          ^
LevelUPError: Could not locate LevelDOWN, try `npm install leveldown`
    at getLevelDOWN (/Users/jakub/Developer/Blame/externals/levelup/lib/util.js:55:11)
    at LevelUP.open (/Users/jakub/Developer/Blame/externals/levelup/lib/levelup.js:113:37)
    at new LevelUP (/Users/jakub/Developer/Blame/externals/levelup/lib/levelup.js:86:8)
    at LevelUP (/Users/jakub/Developer/Blame/externals/levelup/lib/levelup.js:46:12)
    at Object.<anonymous> (/Users/jakub/Developer/Blame/externals/levelup/test/common.js:74:5)
    at CB (/Users/jakub/Developer/Blame/externals/levelup/node_modules/rimraf/rimraf.js:68:5)
    at /Users/jakub/Developer/Blame/externals/levelup/node_modules/rimraf/rimraf.js:91:16
    at Object.oncomplete (fs.js:97:15)

/Users/jakub/Developer/Blame/externals/levelup/lib/util.js:55
    throw new LevelUPError(missingLevelDOWNError)
          ^
LevelUPError: Could not locate LevelDOWN, try `npm install leveldown`
    at getLevelDOWN (/Users/jakub/Developer/Blame/externals/levelup/lib/util.js:55:11)
    at LevelUP.open (/Users/jakub/Developer/Blame/externals/levelup/lib/levelup.js:113:37)
    at new LevelUP (/Users/jakub/Developer/Blame/externals/levelup/lib/levelup.js:86:8)
    at LevelUP (/Users/jakub/Developer/Blame/externals/levelup/lib/levelup.js:46:12)
    at Object.<anonymous> (/Users/jakub/Developer/Blame/externals/levelup/test/common.js:74:5)
    at CB (/Users/jakub/Developer/Blame/externals/levelup/node_modules/rimraf/rimraf.js:68:5)
    at /Users/jakub/Developer/Blame/externals/levelup/node_modules/rimraf/rimraf.js:91:16
    at Object.oncomplete (fs.js:97:15)

/Users/jakub/Developer/Blame/externals/levelup/lib/util.js:55
    throw new LevelUPError(missingLevelDOWNError)
          ^
LevelUPError: Could not locate LevelDOWN, try `npm install leveldown`
    at getLevelDOWN (/Users/jakub/Developer/Blame/externals/levelup/lib/util.js:55:11)
    at LevelUP.open (/Users/jakub/Developer/Blame/externals/levelup/lib/levelup.js:113:37)
    at new LevelUP (/Users/jakub/Developer/Blame/externals/levelup/lib/levelup.js:86:8)
    at LevelUP (/Users/jakub/Developer/Blame/externals/levelup/lib/levelup.js:46:12)
    at Object.<anonymous> (/Users/jakub/Developer/Blame/externals/levelup/test/common.js:74:5)
    at CB (/Users/jakub/Developer/Blame/externals/levelup/node_modules/rimraf/rimraf.js:68:5)
    at /Users/jakub/Developer/Blame/externals/levelup/node_modules/rimraf/rimraf.js:91:16
    at Object.oncomplete (fs.js:97:15)

/Users/jakub/Developer/Blame/externals/levelup/lib/util.js:55
    throw new LevelUPError(missingLevelDOWNError)
          ^
LevelUPError: Could not locate LevelDOWN, try `npm install leveldown`
    at getLevelDOWN (/Users/jakub/Developer/Blame/externals/levelup/lib/util.js:55:11)
    at LevelUP.open (/Users/jakub/Developer/Blame/externals/levelup/lib/levelup.js:113:37)
    at new LevelUP (/Users/jakub/Developer/Blame/externals/levelup/lib/levelup.js:86:8)
    at LevelUP (/Users/jakub/Developer/Blame/externals/levelup/lib/levelup.js:46:12)
    at Object.buster.testCase.put() and get() on pre-opened database (/Users/jakub/Developer/Blame/externals/levelup/test/deferred-open-test.js:21:22)
    at /Users/jakub/Developer/Blame/externals/levelup/node_modules/bustermove/bustermove.js:74:17
    at /Users/jakub/Developer/Blame/externals/levelup/test/common.js:53:14
    at Object.oncomplete (fs.js:97:15)
module.js:333
    throw err;
          ^
Error: Cannot find module 'leveldown'
    at Function.Module._resolveFilename (module.js:331:15)
    at Function.Module._load (module.js:273:25)
    at Module.require (module.js:357:17)
    at require (module.js:373:17)
    at Object.<anonymous> (/Users/jakub/Developer/Blame/externals/levelup/test/destroy-repair-test.js:7:17)
    at Module._compile (module.js:449:26)
    at Object.Module._extensions..js (module.js:467:10)
    at Module.load (module.js:349:32)
    at Function.Module._load (module.js:305:12)
    at Function.Module.runMain (module.js:490:10)

/Users/jakub/Developer/Blame/externals/levelup/lib/util.js:55
    throw new LevelUPError(missingLevelDOWNError)
          ^
LevelUPError: Could not locate LevelDOWN, try `npm install leveldown`
    at getLevelDOWN (/Users/jakub/Developer/Blame/externals/levelup/lib/util.js:55:11)
    at LevelUP.open (/Users/jakub/Developer/Blame/externals/levelup/lib/levelup.js:113:37)
    at new LevelUP (/Users/jakub/Developer/Blame/externals/levelup/lib/levelup.js:86:8)
    at LevelUP (/Users/jakub/Developer/Blame/externals/levelup/lib/levelup.js:46:12)
    at Object.<anonymous> (/Users/jakub/Developer/Blame/externals/levelup/test/common.js:74:5)
    at CB (/Users/jakub/Developer/Blame/externals/levelup/node_modules/rimraf/rimraf.js:68:5)
    at /Users/jakub/Developer/Blame/externals/levelup/node_modules/rimraf/rimraf.js:91:16
    at Object.oncomplete (fs.js:97:15)

/Users/jakub/Developer/Blame/externals/levelup/lib/util.js:55
    throw new LevelUPError(missingLevelDOWNError)
          ^
LevelUPError: Could not locate LevelDOWN, try `npm install leveldown`
    at getLevelDOWN (/Users/jakub/Developer/Blame/externals/levelup/lib/util.js:55:11)
    at LevelUP.open (/Users/jakub/Developer/Blame/externals/levelup/lib/levelup.js:113:37)
    at new LevelUP (/Users/jakub/Developer/Blame/externals/levelup/lib/levelup.js:86:8)
    at LevelUP (/Users/jakub/Developer/Blame/externals/levelup/lib/levelup.js:46:12)
    at Object.<anonymous> (/Users/jakub/Developer/Blame/externals/levelup/test/common.js:74:5)
    at CB (/Users/jakub/Developer/Blame/externals/levelup/node_modules/rimraf/rimraf.js:68:5)
    at /Users/jakub/Developer/Blame/externals/levelup/node_modules/rimraf/rimraf.js:91:16
    at Object.oncomplete (fs.js:97:15)

/Users/jakub/Developer/Blame/externals/levelup/lib/util.js:55
    throw new LevelUPError(missingLevelDOWNError)
          ^
LevelUPError: Could not locate LevelDOWN, try `npm install leveldown`
    at getLevelDOWN (/Users/jakub/Developer/Blame/externals/levelup/lib/util.js:55:11)
    at LevelUP.open (/Users/jakub/Developer/Blame/externals/levelup/lib/levelup.js:113:37)
    at new LevelUP (/Users/jakub/Developer/Blame/externals/levelup/lib/levelup.js:86:8)
    at LevelUP (/Users/jakub/Developer/Blame/externals/levelup/lib/levelup.js:46:12)
    at Object.buster.testCase.call open twice, should emit "open" once (/Users/jakub/Developer/Blame/externals/levelup/test/idempotent-test.js:39:12)
    at /Users/jakub/Developer/Blame/externals/levelup/node_modules/bustermove/bustermove.js:74:17
    at Object.<anonymous> (/Users/jakub/Developer/Blame/externals/levelup/test/common.js:153:5)
    at /Users/jakub/Developer/Blame/externals/levelup/test/common.js:53:14
    at Object.oncomplete (fs.js:97:15)

/Users/jakub/Developer/Blame/externals/levelup/lib/util.js:55
    throw new LevelUPError(missingLevelDOWNError)
          ^
LevelUPError: Could not locate LevelDOWN, try `npm install leveldown`
    at getLevelDOWN (/Users/jakub/Developer/Blame/externals/levelup/lib/util.js:55:11)
    at LevelUP.open (/Users/jakub/Developer/Blame/externals/levelup/lib/levelup.js:113:37)
    at new LevelUP (/Users/jakub/Developer/Blame/externals/levelup/lib/levelup.js:86:8)
    at LevelUP (/Users/jakub/Developer/Blame/externals/levelup/lib/levelup.js:46:12)
    at Object.buster.testCase.default options (/Users/jakub/Developer/Blame/externals/levelup/test/init-test.js:28:7)
    at /Users/jakub/Developer/Blame/externals/levelup/node_modules/bustermove/bustermove.js:74:17
    at /Users/jakub/Developer/Blame/externals/levelup/test/common.js:53:14
    at Object.oncomplete (fs.js:97:15)

/Users/jakub/Developer/Blame/externals/levelup/lib/util.js:55
    throw new LevelUPError(missingLevelDOWNError)
          ^
LevelUPError: Could not locate LevelDOWN, try `npm install leveldown`
    at getLevelDOWN (/Users/jakub/Developer/Blame/externals/levelup/lib/util.js:55:11)
    at LevelUP.open (/Users/jakub/Developer/Blame/externals/levelup/lib/levelup.js:113:37)
    at new LevelUP (/Users/jakub/Developer/Blame/externals/levelup/lib/levelup.js:86:8)
    at LevelUP (/Users/jakub/Developer/Blame/externals/levelup/lib/levelup.js:46:12)
    at Object.runTest (/Users/jakub/Developer/Blame/externals/levelup/test/inject-encoding-test.js:22:11)
    at Object.buster.testCase.simple-object values in "json" encoding (/Users/jakub/Developer/Blame/externals/levelup/test/inject-encoding-test.js:66:12)
    at /Users/jakub/Developer/Blame/externals/levelup/node_modules/bustermove/bustermove.js:74:17
    at Object.<anonymous> (/Users/jakub/Developer/Blame/externals/levelup/test/inject-encoding-test.js:59:9)
    at /Users/jakub/Developer/Blame/externals/levelup/test/common.js:53:14
    at Object.oncomplete (fs.js:97:15)

/Users/jakub/Developer/Blame/externals/levelup/lib/util.js:55
    throw new LevelUPError(missingLevelDOWNError)
          ^
LevelUPError: Could not locate LevelDOWN, try `npm install leveldown`
    at getLevelDOWN (/Users/jakub/Developer/Blame/externals/levelup/lib/util.js:55:11)
    at LevelUP.open (/Users/jakub/Developer/Blame/externals/levelup/lib/levelup.js:113:37)
    at new LevelUP (/Users/jakub/Developer/Blame/externals/levelup/lib/levelup.js:86:8)
    at LevelUP (/Users/jakub/Developer/Blame/externals/levelup/lib/levelup.js:46:12)
    at Object.runTest (/Users/jakub/Developer/Blame/externals/levelup/test/json-test.js:20:11)
    at Object.buster.testCase.simple-object values in "json" encoding (/Users/jakub/Developer/Blame/externals/levelup/test/json-test.js:55:12)
    at /Users/jakub/Developer/Blame/externals/levelup/node_modules/bustermove/bustermove.js:74:17
    at Object.<anonymous> (/Users/jakub/Developer/Blame/externals/levelup/test/json-test.js:48:9)
    at /Users/jakub/Developer/Blame/externals/levelup/test/common.js:53:14
    at Object.oncomplete (fs.js:97:15)

/Users/jakub/Developer/Blame/externals/levelup/lib/util.js:55
    throw new LevelUPError(missingLevelDOWNError)
          ^
LevelUPError: Could not locate LevelDOWN, try `npm install leveldown`
    at getLevelDOWN (/Users/jakub/Developer/Blame/externals/levelup/lib/util.js:55:11)
    at LevelUP.open (/Users/jakub/Developer/Blame/externals/levelup/lib/levelup.js:113:37)
    at new LevelUP (/Users/jakub/Developer/Blame/externals/levelup/lib/levelup.js:86:8)
    at LevelUP (/Users/jakub/Developer/Blame/externals/levelup/lib/levelup.js:46:12)
    at Object.<anonymous> (/Users/jakub/Developer/Blame/externals/levelup/test/common.js:74:5)
    at CB (/Users/jakub/Developer/Blame/externals/levelup/node_modules/rimraf/rimraf.js:68:5)
    at /Users/jakub/Developer/Blame/externals/levelup/node_modules/rimraf/rimraf.js:91:16
    at Object.oncomplete (fs.js:97:15)

/Users/jakub/Developer/Blame/externals/levelup/lib/util.js:55
    throw new LevelUPError(missingLevelDOWNError)
          ^
LevelUPError: Could not locate LevelDOWN, try `npm install leveldown`
    at getLevelDOWN (/Users/jakub/Developer/Blame/externals/levelup/lib/util.js:55:11)
    at LevelUP.open (/Users/jakub/Developer/Blame/externals/levelup/lib/levelup.js:113:37)
    at new LevelUP (/Users/jakub/Developer/Blame/externals/levelup/lib/levelup.js:86:8)
    at LevelUP (/Users/jakub/Developer/Blame/externals/levelup/lib/levelup.js:46:12)
    at Object.buster.testCase.null and undefined.setUp (/Users/jakub/Developer/Blame/externals/levelup/test/null-and-undefined-test.js:20:11)
    at /Users/jakub/Developer/Blame/externals/levelup/node_modules/bustermove/bustermove.js:28:7
    at /Users/jakub/Developer/Blame/externals/levelup/test/common.js:53:14
    at Object.oncomplete (fs.js:97:15)

/Users/jakub/Developer/Blame/externals/levelup/lib/util.js:55
    throw new LevelUPError(missingLevelDOWNError)
          ^
LevelUPError: Could not locate LevelDOWN, try `npm install leveldown`
    at getLevelDOWN (/Users/jakub/Developer/Blame/externals/levelup/lib/util.js:55:11)
    at LevelUP.open (/Users/jakub/Developer/Blame/externals/levelup/lib/levelup.js:113:37)
    at new LevelUP (/Users/jakub/Developer/Blame/externals/levelup/lib/levelup.js:86:8)
    at LevelUP (/Users/jakub/Developer/Blame/externals/levelup/lib/levelup.js:46:12)
    at Object.<anonymous> (/Users/jakub/Developer/Blame/externals/levelup/test/open-patchsafe-test.js:17:20)
    at /Users/jakub/Developer/Blame/externals/levelup/node_modules/bustermove/bustermove.js:74:17
    at /Users/jakub/Developer/Blame/externals/levelup/test/common.js:53:14
    at Object.oncomplete (fs.js:97:15)

/Users/jakub/Developer/Blame/externals/levelup/lib/util.js:55
    throw new LevelUPError(missingLevelDOWNError)
          ^
LevelUPError: Could not locate LevelDOWN, try `npm install leveldown`
    at getLevelDOWN (/Users/jakub/Developer/Blame/externals/levelup/lib/util.js:55:11)
    at LevelUP.open (/Users/jakub/Developer/Blame/externals/levelup/lib/levelup.js:113:37)
    at new LevelUP (/Users/jakub/Developer/Blame/externals/levelup/lib/levelup.js:86:8)
    at LevelUP (/Users/jakub/Developer/Blame/externals/levelup/lib/levelup.js:46:12)
    at Object.<anonymous> (/Users/jakub/Developer/Blame/externals/levelup/test/common.js:74:5)
    at CB (/Users/jakub/Developer/Blame/externals/levelup/node_modules/rimraf/rimraf.js:68:5)
    at /Users/jakub/Developer/Blame/externals/levelup/node_modules/rimraf/rimraf.js:91:16
    at Object.oncomplete (fs.js:97:15)

/Users/jakub/Developer/Blame/externals/levelup/lib/util.js:55
    throw new LevelUPError(missingLevelDOWNError)
          ^
LevelUPError: Could not locate LevelDOWN, try `npm install leveldown`
    at getLevelDOWN (/Users/jakub/Developer/Blame/externals/levelup/lib/util.js:55:11)
    at LevelUP.open (/Users/jakub/Developer/Blame/externals/levelup/lib/levelup.js:113:37)
    at new LevelUP (/Users/jakub/Developer/Blame/externals/levelup/lib/levelup.js:86:8)
    at LevelUP (/Users/jakub/Developer/Blame/externals/levelup/lib/levelup.js:46:12)
    at Object.<anonymous> (/Users/jakub/Developer/Blame/externals/levelup/test/common.js:74:5)
    at CB (/Users/jakub/Developer/Blame/externals/levelup/node_modules/rimraf/rimraf.js:68:5)
    at /Users/jakub/Developer/Blame/externals/levelup/node_modules/rimraf/rimraf.js:91:16
    at Object.oncomplete (fs.js:97:15)

/Users/jakub/Developer/Blame/externals/levelup/lib/util.js:55
    throw new LevelUPError(missingLevelDOWNError)
          ^
LevelUPError: Could not locate LevelDOWN, try `npm install leveldown`
    at getLevelDOWN (/Users/jakub/Developer/Blame/externals/levelup/lib/util.js:55:11)
    at LevelUP.open (/Users/jakub/Developer/Blame/externals/levelup/lib/levelup.js:113:37)
    at new LevelUP (/Users/jakub/Developer/Blame/externals/levelup/lib/levelup.js:86:8)
    at LevelUP (/Users/jakub/Developer/Blame/externals/levelup/lib/levelup.js:46:12)
    at Object.<anonymous> (/Users/jakub/Developer/Blame/externals/levelup/test/common.js:74:5)
    at CB (/Users/jakub/Developer/Blame/externals/levelup/node_modules/rimraf/rimraf.js:68:5)
    at /Users/jakub/Developer/Blame/externals/levelup/node_modules/rimraf/rimraf.js:91:16
    at Object.oncomplete (fs.js:97:15)
npm ERR! Test failed.  See above for more details.
npm ERR! not ok code 0
