about to write to /tmp/529c
/Users/jakub/Developer/Blame/externals/mkdirp/node_modules/mock-fs/node/fs-0.11.10.js:122
fs.Stats.prototype._checkModeProperty = function(property) {
        ^
TypeError: Cannot read property 'prototype' of undefined
    at Object.<anonymous> (/Users/jakub/Developer/Blame/externals/mkdirp/node_modules/mock-fs/node/fs-0.11.10.js:122:9)
    at Module._compile (module.js:449:26)
    at Object.Module._extensions..js (module.js:467:10)
    at Module.load (module.js:349:32)
    at Object.load (/Users/jakub/Developer/Blame/externals/mkdirp/node_modules/mock-fs/node_modules/rewire/lib/moduleEnv.js:19:18)
    at internalRewire (/Users/jakub/Developer/Blame/externals/mkdirp/node_modules/mock-fs/node_modules/rewire/lib/rewire.js:56:15)
    at rewire (/Users/jakub/Developer/Blame/externals/mkdirp/node_modules/mock-fs/node_modules/rewire/lib/index.js:11:12)
    at Object.<anonymous> (/Users/jakub/Developer/Blame/externals/mkdirp/node_modules/mock-fs/lib/index.js:28:14)
    at Module._compile (module.js:449:26)
    at Object.Module._extensions..js (module.js:467:10)
/Users/jakub/Developer/Blame/externals/mkdirp/node_modules/mock-fs/node/fs-0.11.10.js:122
fs.Stats.prototype._checkModeProperty = function(property) {
        ^
TypeError: Cannot read property 'prototype' of undefined
    at Object.<anonymous> (/Users/jakub/Developer/Blame/externals/mkdirp/node_modules/mock-fs/node/fs-0.11.10.js:122:9)
    at Module._compile (module.js:449:26)
    at Object.Module._extensions..js (module.js:467:10)
    at Module.load (module.js:349:32)
    at Object.load (/Users/jakub/Developer/Blame/externals/mkdirp/node_modules/mock-fs/node_modules/rewire/lib/moduleEnv.js:19:18)
    at internalRewire (/Users/jakub/Developer/Blame/externals/mkdirp/node_modules/mock-fs/node_modules/rewire/lib/rewire.js:56:15)
    at rewire (/Users/jakub/Developer/Blame/externals/mkdirp/node_modules/mock-fs/node_modules/rewire/lib/index.js:11:12)
    at Object.<anonymous> (/Users/jakub/Developer/Blame/externals/mkdirp/node_modules/mock-fs/lib/index.js:28:14)
    at Module._compile (module.js:449:26)
    at Object.Module._extensions..js (module.js:467:10)
/Users/jakub/Developer/Blame/build/blame.js:113
                throw new Error(this.state.msg());
                      ^
Error: {label_0}[sum#0/dom] too many arguments, expected <=2, got: 3
{label_0}[sum#1/dom/dom] not of type Str: null
    at Label.blame (/Users/jakub/Developer/Blame/build/blame.js:113:23)
    at wrap_base (/Users/jakub/Developer/Blame/build/blame.js:805:11)
    at Object.wrap (/Users/jakub/Developer/Blame/build/blame.js:738:28)
    at Object.Proxy.apply (/Users/jakub/Developer/Blame/build/blame.js:838:43)
    at Object.Validator.apply (/Users/jakub/Developer/Blame/node_modules/harmony-reflect/reflect.js:1322:19)
    at /Users/jakub/Developer/Blame/node_modules/harmony-reflect/reflect.js:1984:27
    at /Users/jakub/Developer/Blame/externals/mkdirp/index.js:47:26
    at Object.oncomplete (fs.js:97:15)
/Users/jakub/Developer/Blame/build/blame.js:113
                throw new Error(this.state.msg());
                      ^
Error: {label_0}[sum#0/dom/dom] not of type Str: null
{label_0}[sum#1/dom] not enough arguments, expected >=3, got: 2
    at Label.blame (/Users/jakub/Developer/Blame/build/blame.js:113:23)
    at wrap_base (/Users/jakub/Developer/Blame/build/blame.js:805:11)
    at Object.wrap (/Users/jakub/Developer/Blame/build/blame.js:738:28)
    at Object.Proxy.apply (/Users/jakub/Developer/Blame/build/blame.js:838:43)
    at Object.Validator.apply (/Users/jakub/Developer/Blame/node_modules/harmony-reflect/reflect.js:1322:19)
    at /Users/jakub/Developer/Blame/node_modules/harmony-reflect/reflect.js:1984:27
    at /Users/jakub/Developer/Blame/externals/mkdirp/index.js:47:26
    at Object.oncomplete (fs.js:97:15)
/Users/jakub/Developer/Blame/build/blame.js:113
                throw new Error(this.state.msg());
                      ^
Error: {label_0}[sum#0/dom] too many arguments, expected <=2, got: 3
{label_0}[sum#1/dom/dom] not of type Str: null
    at Label.blame (/Users/jakub/Developer/Blame/build/blame.js:113:23)
    at wrap_base (/Users/jakub/Developer/Blame/build/blame.js:805:11)
    at Object.wrap (/Users/jakub/Developer/Blame/build/blame.js:738:28)
    at Object.Proxy.apply (/Users/jakub/Developer/Blame/build/blame.js:838:43)
    at Object.Validator.apply (/Users/jakub/Developer/Blame/node_modules/harmony-reflect/reflect.js:1322:19)
    at /Users/jakub/Developer/Blame/node_modules/harmony-reflect/reflect.js:1984:27
    at /Users/jakub/Developer/Blame/externals/mkdirp/index.js:47:26
    at Object.oncomplete (fs.js:97:15)
npm ERR! Test failed.  See above for more details.
npm ERR! not ok code 0
