/Users/jakub/Developer/Blame/build/blame.js:116
            throw new Error(this.msg(m));
                  ^
Error: {label_0}[get/dom] not enough arguments, expected >=3, got: 2
    at Label.blame (/Users/jakub/Developer/Blame/build/blame.js:116:19)
    at Object.Proxy.apply (/Users/jakub/Developer/Blame/build/blame.js:824:25)
    at Object.Validator.apply (/Users/jakub/Developer/Blame/node_modules/harmony-reflect/reflect.js:1322:19)
    at <error: illegal access>
    at Object.<anonymous> (/Users/jakub/Developer/Blame/externals/redis/test.js:6:20)
    at Module._compile (module.js:449:26)
    at Object.Module._extensions..js (module.js:467:10)
    at Module.load (module.js:349:32)
    at Function.Module._load (module.js:305:12)
    at Function.Module.runMain (module.js:490:10)
npm ERR! Test failed.  See above for more details.
npm ERR! not ok code 0
