/Users/jakub/Developer/Blame/build/blame.js:113
                throw new Error(this.state.msg());
                      ^
Error: {label_0}[sum#0/dom] too many arguments, expected <=2, got: 3
{label_0}[sum#1/dom] not of type Str: [object Object]
{label_0}[sum#2/dom/dom] not of type Str: undefined
    at Label.blame (/Users/jakub/Developer/Blame/build/blame.js:113:23)
    at wrap_base (/Users/jakub/Developer/Blame/build/blame.js:805:11)
    at Object.wrap (/Users/jakub/Developer/Blame/build/blame.js:738:28)
    at Object.Proxy.apply (/Users/jakub/Developer/Blame/build/blame.js:838:43)
    at Object.Validator.apply (/Users/jakub/Developer/Blame/node_modules/harmony-reflect/reflect.js:1322:19)
    at /Users/jakub/Developer/Blame/node_modules/harmony-reflect/reflect.js:1984:27
    at Object.global.Reflect.apply (/Users/jakub/Developer/Blame/node_modules/harmony-reflect/reflect.js:1939:37)
    at Object.Validator.apply (/Users/jakub/Developer/Blame/node_modules/harmony-reflect/reflect.js:1318:22)
    at /Users/jakub/Developer/Blame/node_modules/harmony-reflect/reflect.js:1984:27
    at Object.Proxy.apply (/Users/jakub/Developer/Blame/build/blame.js:849:30)
npm ERR! Test failed.  See above for more details.
npm ERR! not ok code 0
