
> libxmljs@0.11.0 test /Users/jakub/Developer/Blame/externals/libxmljs
> node --expose_gc ./node_modules/.bin/nodeunit test


[1mattribute[22m
âœ” new
âœ” create_with_namespace
âœ” getters
âœ” setters
âœ” remove

[1mcomment[22m
âœ” new
âœ” text

[1mdocument[22m
âœ” setDtd
âœ” blank
âœ” version
âœ” full
âœ” null_root
âœ” new_root
âœ” one_child
âœ” root_children
âœ” xpath
âœ” xpath_child
âœ” toString
âœ” add_child_nodes
âœ” add_cdata_nodes
âœ” cloned_node
âœ” validate

[1melement[22m
âœ” new
âœ” newWithContent
âœ” setters
âœ” getters
âœ” remove
âœ” toString
âœ” path
âœ” move
âœ” addChild
âœ” add_prev_sibling
âœ” add_next_sibling
âœ” import
âœ” clone

[1mhtml_parser[22m
âœ” parse
âœ” parse_force_encoding
[31mâœ– parse_synonym[39m

AssertionError: [Function] === [Function]
  at Object.strictEqual (/Users/jakub/Developer/Blame/externals/libxmljs/node_modules/nodeunit/lib/types.js:83:39)
  at Object.module.exports.parse_synonym (/Users/jakub/Developer/Blame/externals/libxmljs/test/html_parser.js:69:12)
  at Object.<anonymous> (/Users/jakub/Developer/Blame/externals/libxmljs/node_modules/nodeunit/lib/core.js:236:16)
  at /Users/jakub/Developer/Blame/externals/libxmljs/node_modules/nodeunit/lib/core.js:236:16
  at Object.exports.runTest (/Users/jakub/Developer/Blame/externals/libxmljs/node_modules/nodeunit/lib/core.js:70:9)
  at /Users/jakub/Developer/Blame/externals/libxmljs/node_modules/nodeunit/lib/core.js:118:25
  at /Users/jakub/Developer/Blame/externals/libxmljs/node_modules/nodeunit/deps/async.js:513:13
  at iterate (/Users/jakub/Developer/Blame/externals/libxmljs/node_modules/nodeunit/deps/async.js:123:13)
  at /Users/jakub/Developer/Blame/externals/libxmljs/node_modules/nodeunit/deps/async.js:134:25
  at /Users/jakub/Developer/Blame/externals/libxmljs/node_modules/nodeunit/deps/async.js:515:17
  at Immediate._onImmediate (/Users/jakub/Developer/Blame/externals/libxmljs/node_modules/nodeunit/lib/types.js:146:17)
  at processImmediate [as _immediateCallback] (timers.js:374:17)


âœ” recoverable_parse

[1mmain[22m
âœ” constants

[1mnamespace[22m
âœ” create
âœ” set
âœ” with_prefix
âœ” from_parsing
âœ” existing
âœ” remove
âœ” all
âœ” empty
âœ” nested
âœ” xmlns
âœ” custom_ns

[1mnode_attributes[22m
âœ” basic
âœ” null
âœ” assign_object
âœ” change
âœ” attrs
âœ” siblings
âœ” getters

[1mref_integrity[22m
âœ” gc
âœ” references

[1msearching[22m
âœ” get
âœ” get_missing
âœ” get_attr
âœ” get_non_nodeset
âœ” find
âœ” namespace - get
âœ” namespace - find
âœ” prefixed_namespace - get
âœ” prefixed_namespace - find

[1mtext_node[22m
âœ” text
âœ” comment
âœ” cdata

[1mtraversal[22m
âœ” built
âœ” children
âœ” siblings
âœ” parsed
âœ” parsed_children

[1mxml_parser[22m
âœ” parse
âœ” parse_buffer
[31mâœ– parse_synonym[39m

AssertionError: [Function] === [Function]
  at Object.strictEqual (/Users/jakub/Developer/Blame/externals/libxmljs/node_modules/nodeunit/lib/types.js:83:39)
  at Object.module.exports.parse_synonym (/Users/jakub/Developer/Blame/externals/libxmljs/test/xml_parser.js:36:12)
  at Object.<anonymous> (/Users/jakub/Developer/Blame/externals/libxmljs/node_modules/nodeunit/lib/core.js:236:16)
  at /Users/jakub/Developer/Blame/externals/libxmljs/node_modules/nodeunit/lib/core.js:236:16
  at Object.exports.runTest (/Users/jakub/Developer/Blame/externals/libxmljs/node_modules/nodeunit/lib/core.js:70:9)
  at /Users/jakub/Developer/Blame/externals/libxmljs/node_modules/nodeunit/lib/core.js:118:25
  at /Users/jakub/Developer/Blame/externals/libxmljs/node_modules/nodeunit/deps/async.js:513:13
  at iterate (/Users/jakub/Developer/Blame/externals/libxmljs/node_modules/nodeunit/deps/async.js:123:13)
  at /Users/jakub/Developer/Blame/externals/libxmljs/node_modules/nodeunit/deps/async.js:134:25
  at /Users/jakub/Developer/Blame/externals/libxmljs/node_modules/nodeunit/deps/async.js:515:17
  at Immediate._onImmediate (/Users/jakub/Developer/Blame/externals/libxmljs/node_modules/nodeunit/lib/types.js:146:17)
  at processImmediate [as _immediateCallback] (timers.js:374:17)


âœ” recoverable_parse
âœ” fatal_error
âœ” parse_options

[1mxml_sax_parser[22m
[31mâœ– sax[39m

Error: {label_0}[get/dom] too many arguments, expected <=0, got: 1
  at Label.blame (/Users/jakub/Developer/Blame/build/blame.js:116:19)
  at Object.Proxy.construct (/Users/jakub/Developer/Blame/build/blame.js:870:25)
  at Object.Validator.construct (/Users/jakub/Developer/Blame/node_modules/harmony-reflect/reflect.js:1341:19)
  at /Users/jakub/Developer/Blame/node_modules/harmony-reflect/reflect.js:1989:27
  at createParser (/Users/jakub/Developer/Blame/externals/libxmljs/test/xml_sax_parser.js:89:18)
  at Object.module.exports.sax (/Users/jakub/Developer/Blame/externals/libxmljs/test/xml_sax_parser.js:132:18)
  at Object.<anonymous> (/Users/jakub/Developer/Blame/externals/libxmljs/node_modules/nodeunit/lib/core.js:236:16)
  at /Users/jakub/Developer/Blame/externals/libxmljs/node_modules/nodeunit/lib/core.js:236:16
  at Object.exports.runTest (/Users/jakub/Developer/Blame/externals/libxmljs/node_modules/nodeunit/lib/core.js:70:9)
  at /Users/jakub/Developer/Blame/externals/libxmljs/node_modules/nodeunit/lib/core.js:118:25
  at /Users/jakub/Developer/Blame/externals/libxmljs/node_modules/nodeunit/deps/async.js:513:13
  at iterate (/Users/jakub/Developer/Blame/externals/libxmljs/node_modules/nodeunit/deps/async.js:123:13)
  at async.forEachSeries (/Users/jakub/Developer/Blame/externals/libxmljs/node_modules/nodeunit/deps/async.js:139:9)
  at _concat (/Users/jakub/Developer/Blame/externals/libxmljs/node_modules/nodeunit/deps/async.js:512:9)
  at Object.concatSeries (/Users/jakub/Developer/Blame/externals/libxmljs/node_modules/nodeunit/deps/async.js:152:23)
  at Object.exports.runSuite (/Users/jakub/Developer/Blame/externals/libxmljs/node_modules/nodeunit/lib/core.js:96:11)
  at Object.exports.runModule (/Users/jakub/Developer/Blame/externals/libxmljs/node_modules/nodeunit/lib/core.js:158:13)
  at /Users/jakub/Developer/Blame/externals/libxmljs/node_modules/nodeunit/lib/nodeunit.js:75:21
  at /Users/jakub/Developer/Blame/externals/libxmljs/node_modules/nodeunit/deps/async.js:513:13
  at iterate (/Users/jakub/Developer/Blame/externals/libxmljs/node_modules/nodeunit/deps/async.js:123:13)
  at /Users/jakub/Developer/Blame/externals/libxmljs/node_modules/nodeunit/deps/async.js:134:25
  at /Users/jakub/Developer/Blame/externals/libxmljs/node_modules/nodeunit/deps/async.js:515:17
  at /Users/jakub/Developer/Blame/externals/libxmljs/node_modules/nodeunit/lib/core.js:165:9
  at /Users/jakub/Developer/Blame/externals/libxmljs/node_modules/nodeunit/deps/async.js:518:13
  at /Users/jakub/Developer/Blame/externals/libxmljs/node_modules/nodeunit/deps/async.js:131:25
  at /Users/jakub/Developer/Blame/externals/libxmljs/node_modules/nodeunit/deps/async.js:515:17
  at Immediate._onImmediate (/Users/jakub/Developer/Blame/externals/libxmljs/node_modules/nodeunit/lib/types.js:146:17)
  at processImmediate [as _immediateCallback] (timers.js:374:17)


[31mâœ– sax_push_chunked[39m

Error: {label_0}[get/dom] too many arguments, expected <=0, got: 1
  at Label.blame (/Users/jakub/Developer/Blame/build/blame.js:116:19)
  at Object.Proxy.construct (/Users/jakub/Developer/Blame/build/blame.js:870:25)
  at Object.Validator.construct (/Users/jakub/Developer/Blame/node_modules/harmony-reflect/reflect.js:1341:19)
  at /Users/jakub/Developer/Blame/node_modules/harmony-reflect/reflect.js:1989:27
  at createParser (/Users/jakub/Developer/Blame/externals/libxmljs/test/xml_sax_parser.js:89:18)
  at Object.module.exports.sax_push_chunked (/Users/jakub/Developer/Blame/externals/libxmljs/test/xml_sax_parser.js:141:18)
  at Object.<anonymous> (/Users/jakub/Developer/Blame/externals/libxmljs/node_modules/nodeunit/lib/core.js:236:16)
  at /Users/jakub/Developer/Blame/externals/libxmljs/node_modules/nodeunit/lib/core.js:236:16
  at Object.exports.runTest (/Users/jakub/Developer/Blame/externals/libxmljs/node_modules/nodeunit/lib/core.js:70:9)
  at /Users/jakub/Developer/Blame/externals/libxmljs/node_modules/nodeunit/lib/core.js:118:25
  at /Users/jakub/Developer/Blame/externals/libxmljs/node_modules/nodeunit/deps/async.js:513:13
  at iterate (/Users/jakub/Developer/Blame/externals/libxmljs/node_modules/nodeunit/deps/async.js:123:13)
  at /Users/jakub/Developer/Blame/externals/libxmljs/node_modules/nodeunit/deps/async.js:134:25
  at /Users/jakub/Developer/Blame/externals/libxmljs/node_modules/nodeunit/deps/async.js:515:17
  at Immediate._onImmediate (/Users/jakub/Developer/Blame/externals/libxmljs/node_modules/nodeunit/lib/types.js:146:17)
  at processImmediate [as _immediateCallback] (timers.js:374:17)


[31mâœ– string_parser[39m

Error: {label_0}[get/dom] too many arguments, expected <=0, got: 1
  at Label.blame (/Users/jakub/Developer/Blame/build/blame.js:116:19)
  at Object.Proxy.construct (/Users/jakub/Developer/Blame/build/blame.js:870:25)
  at Object.Validator.construct (/Users/jakub/Developer/Blame/node_modules/harmony-reflect/reflect.js:1341:19)
  at /Users/jakub/Developer/Blame/node_modules/harmony-reflect/reflect.js:1989:27
  at createParser (/Users/jakub/Developer/Blame/externals/libxmljs/test/xml_sax_parser.js:89:18)
  at Object.module.exports.string_parser (/Users/jakub/Developer/Blame/externals/libxmljs/test/xml_sax_parser.js:155:18)
  at Object.<anonymous> (/Users/jakub/Developer/Blame/externals/libxmljs/node_modules/nodeunit/lib/core.js:236:16)
  at /Users/jakub/Developer/Blame/externals/libxmljs/node_modules/nodeunit/lib/core.js:236:16
  at Object.exports.runTest (/Users/jakub/Developer/Blame/externals/libxmljs/node_modules/nodeunit/lib/core.js:70:9)
  at /Users/jakub/Developer/Blame/externals/libxmljs/node_modules/nodeunit/lib/core.js:118:25
  at /Users/jakub/Developer/Blame/externals/libxmljs/node_modules/nodeunit/deps/async.js:513:13
  at iterate (/Users/jakub/Developer/Blame/externals/libxmljs/node_modules/nodeunit/deps/async.js:123:13)
  at /Users/jakub/Developer/Blame/externals/libxmljs/node_modules/nodeunit/deps/async.js:134:25
  at /Users/jakub/Developer/Blame/externals/libxmljs/node_modules/nodeunit/deps/async.js:515:17
  at Immediate._onImmediate (/Users/jakub/Developer/Blame/externals/libxmljs/node_modules/nodeunit/lib/types.js:146:17)
  at processImmediate [as _immediateCallback] (timers.js:374:17)



[1m[31mFAILURES: [39m[22m5/298 assertions failed (112ms)
